<?xml version="1.0" encoding="UTF-8"?>
<!-- Generated by org.testng.reporters.JUnitXMLReporter -->
<testsuite ignored="1" hostname="Asplap3106" failures="0" tests="2" name="Submit Order Test" time="49.773" errors="0" timestamp="2025-03-15T11:58:19 IST">
  <testcase classname="rahulshettyacademy.tests.StandAloneTest" name="SubmitOrder" time="20.742"/>
  <testcase classname="rahulshettyacademy.tests.StandAloneTest" name="SubmitOrder" time="20.604"/>
  <testcase classname="rahulshettyacademy.tests.StandAloneTest" name="orderHistoryTest" time="0.0">
    <ignored/>
  </testcase> <!-- orderHistoryTest -->
</testsuite> <!-- Submit Order Test -->
