<?xml version="1.0" encoding="UTF-8"?>
<testng-results ignored="0" total="2" passed="2" failed="0" skipped="0">
  <reporter-output>
  </reporter-output>
  <suite started-at="2025-03-15T11:57:30 IST" name="Suite" finished-at="2025-03-15T11:58:19 IST" duration-ms="49773">
    <groups>
      <group name="Purchase">
        <method signature="StandAloneTest.SubmitOrder(java.util.HashMap)[pri:0, instance:rahulshettyacademy.tests.StandAloneTest@2b71e916]" name="SubmitOrder" class="rahulshettyacademy.tests.StandAloneTest"/>
      </group> <!-- Purchase -->
    </groups>
    <test started-at="2025-03-15T11:57:30 IST" name="Error Validation Test" finished-at="2025-03-15T11:57:30 IST" duration-ms="15">
    </test> <!-- Error Validation Test -->
    <test started-at="2025-03-15T11:57:30 IST" name="Submit Order Test" finished-at="2025-03-15T11:58:19 IST" duration-ms="49773">
      <class name="rahulshettyacademy.tests.StandAloneTest">
        <test-method is-config="true" signature="launchApplication()[pri:0, instance:rahulshettyacademy.tests.StandAloneTest@2b71e916]" started-at="2025-03-15T11:57:30 IST" name="launchApplication" finished-at="2025-03-15T11:57:32 IST" duration-ms="2245" status="PASS">
          <reporter-output>
          </reporter-output>
        </test-method> <!-- launchApplication -->
        <test-method signature="SubmitOrder(java.util.HashMap)[pri:0, instance:rahulshettyacademy.tests.StandAloneTest@2b71e916]" started-at="2025-03-15T11:57:32 IST" name="SubmitOrder" data-provider="getData" finished-at="2025-03-15T11:57:53 IST" duration-ms="20742" status="PASS">
          <params>
            <param index="0">
              <value>
                <![CDATA[{password=Dinesh@2001, email=dineshbalaji@gmail.com, productName=ZARA COAT 3}]]>
              </value>
            </param>
          </params>
          <reporter-output>
          </reporter-output>
        </test-method> <!-- SubmitOrder -->
        <test-method is-config="true" signature="tearDown()[pri:0, instance:rahulshettyacademy.tests.StandAloneTest@2b71e916]" started-at="2025-03-15T11:57:53 IST" name="tearDown" finished-at="2025-03-15T11:57:55 IST" duration-ms="2043" status="PASS">
          <reporter-output>
          </reporter-output>
        </test-method> <!-- tearDown -->
        <test-method is-config="true" signature="launchApplication()[pri:0, instance:rahulshettyacademy.tests.StandAloneTest@2b71e916]" started-at="2025-03-15T11:57:55 IST" name="launchApplication" finished-at="2025-03-15T11:57:57 IST" duration-ms="1994" status="PASS">
          <reporter-output>
          </reporter-output>
        </test-method> <!-- launchApplication -->
        <test-method signature="SubmitOrder(java.util.HashMap)[pri:0, instance:rahulshettyacademy.tests.StandAloneTest@2b71e916]" started-at="2025-03-15T11:57:57 IST" name="SubmitOrder" data-provider="getData" finished-at="2025-03-15T11:58:17 IST" duration-ms="20604" status="PASS">
          <params>
            <param index="0">
              <value>
                <![CDATA[{password=Mari@1976, email=marichetty@gmail.com, productName=ADIDAS ORIGINAL}]]>
              </value>
            </param>
          </params>
          <reporter-output>
          </reporter-output>
        </test-method> <!-- SubmitOrder -->
        <test-method is-config="true" signature="tearDown()[pri:0, instance:rahulshettyacademy.tests.StandAloneTest@2b71e916]" started-at="2025-03-15T11:58:17 IST" name="tearDown" finished-at="2025-03-15T11:58:19 IST" duration-ms="2040" status="PASS">
          <reporter-output>
          </reporter-output>
        </test-method> <!-- tearDown -->
      </class> <!-- rahulshettyacademy.tests.StandAloneTest -->
    </test> <!-- Submit Order Test -->
  </suite> <!-- Suite -->
</testng-results>
